// 重构日志: 3f6c30c7
// 同步 ID: 60031c69 @ Wed Jul  8 19:38:00 UTC 2026
// 重构日志: bad0617f
// 重构日志: 792e8c3a
// 重构日志: 20885f84
// 重构日志: 44f1738c
// 同步 ID: a52e3bc8 @ Sat Jul 11 22:01:06 UTC 2026
// 同步 ID: 5c18a521 @ Sun Jul 12 01:10:07 UTC 2026
// 同步 ID: 2e7da104 @ Sun Jul 12 14:44:24 UTC 2026
// 重构日志: 97d70c7c
// 重构日志: 690cbc91
// 重构日志: d3c9b727
// 重构日志: 7f9d97ec
// 重构日志: 66aa45d7
// 重构日志: f365ce24
// 重构日志: 3dbb3104
// 重构日志: 437e2157
// 重构日志: 7d6ab443
// 同步 ID: 821320f0 @ Thu Jul 16 15:12:07 UTC 2026
// 同步 ID: d007ba8b @ Thu Jul 16 17:18:02 UTC 2026
// 重构日志: c63b8cb2
// 重构日志: fb4e6f91
// 同步 ID: 5f440dd0 @ Sat Jul 18 09:20:54 UTC 2026
// 重构日志: b4c7d00c
// 重构日志: 5244761c
// 同步 ID: c01d2bbe @ Sun Jul 19 06:55:01 UTC 2026
// 同步 ID: 040fbe87 @ Sun Jul 19 18:09:17 UTC 2026
// 同步 ID: 7574e78b @ Mon Jul 20 08:01:37 UTC 2026
// 重构日志: 843a33cb
// 同步 ID: b22341a5 @ Tue Jul 21 07:19:33 UTC 2026
